[INFO] Scanning for projects...
[INFO] 
[INFO] ----------------------< org.example:auth-service >----------------------
[INFO] Building auth-service 0.0.1-SNAPSHOT
[INFO]   from pom.xml
[INFO] --------------------------------[ jar ]---------------------------------
[INFO] 
[INFO] >>> spring-boot:3.4.0:run (default-cli) > test-compile @ auth-service >>>
[INFO] 
[INFO] --- resources:3.3.1:resources (default-resources) @ auth-service ---
[INFO] Copying 1 resource from src/main/resources to target/classes
[INFO] Copying 0 resource from src/main/resources to target/classes
[INFO] 
[INFO] --- compiler:3.13.0:compile (default-compile) @ auth-service ---
[INFO] Nothing to compile - all classes are up to date.
[INFO] 
[INFO] --- resources:3.3.1:testResources (default-testResources) @ auth-service ---
[INFO] skip non existing resourceDirectory /home/mehdibelkhelfa/Dev/Projects/microservice/logistics-microservices-kafka/auth-service/src/test/resources
[INFO] 
[INFO] --- compiler:3.13.0:testCompile (default-testCompile) @ auth-service ---
[INFO] Nothing to compile - all classes are up to date.
[INFO] 
[INFO] <<< spring-boot:3.4.0:run (default-cli) < test-compile @ auth-service <<<
[INFO] 
[INFO] 
[INFO] --- spring-boot:3.4.0:run (default-cli) @ auth-service ---
[INFO] Attaching agents: []

  .   ____          _            __ _ _
 /\\ / ___'_ __ _ _(_)_ __  __ _ \ \ \ \
( ( )\___ | '_ | '_| | '_ \/ _` | \ \ \ \
 \\/  ___)| |_)| | | | | || (_| |  ) ) ) )
  '  |____| .__|_| |_|_| |_\__, | / / / /
 =========|_|==============|___/=/_/_/_/

 :: Spring Boot ::                (v3.4.0)

2026-04-17T19:13:54.672+02:00  INFO 94490 --- [auth-service] [           main] o.e.authservice.AuthServiceApplication   : Starting AuthServiceApplication using Java 17.0.18 with PID 94490 (/home/mehdibelkhelfa/Dev/Projects/microservice/logistics-microservices-kafka/auth-service/target/classes started by mehdibelkhelfa in /home/mehdibelkhelfa/Dev/Projects/microservice/logistics-microservices-kafka/auth-service)
2026-04-17T19:13:54.674+02:00  INFO 94490 --- [auth-service] [           main] o.e.authservice.AuthServiceApplication   : No active profile set, falling back to 1 default profile: "default"
2026-04-17T19:13:55.021+02:00  INFO 94490 --- [auth-service] [           main] o.s.cloud.context.scope.GenericScope     : BeanFactory id=a7d5b796-40bc-3c1e-ab88-03855113267a
2026-04-17T19:13:55.163+02:00  INFO 94490 --- [auth-service] [           main] o.s.b.w.embedded.tomcat.TomcatWebServer  : Tomcat initialized with port 8084 (http)
2026-04-17T19:13:55.169+02:00  INFO 94490 --- [auth-service] [           main] o.apache.catalina.core.StandardService   : Starting service [Tomcat]
2026-04-17T19:13:55.169+02:00  INFO 94490 --- [auth-service] [           main] o.apache.catalina.core.StandardEngine    : Starting Servlet engine: [Apache Tomcat/10.1.33]
2026-04-17T19:13:55.196+02:00  INFO 94490 --- [auth-service] [           main] o.a.c.c.C.[Tomcat].[localhost].[/]       : Initializing Spring embedded WebApplicationContext
2026-04-17T19:13:55.197+02:00  INFO 94490 --- [auth-service] [           main] w.s.c.ServletWebServerApplicationContext : Root WebApplicationContext: initialization completed in 498 ms
2026-04-17T19:13:55.442+02:00  INFO 94490 --- [auth-service] [           main] r$InitializeUserDetailsManagerConfigurer : Global AuthenticationManager configured with UserDetailsService bean with name userDetailsService
2026-04-17T19:13:55.734+02:00  INFO 94490 --- [auth-service] [           main] DiscoveryClientOptionalArgsConfiguration : Eureka HTTP Client uses RestTemplate.
2026-04-17T19:13:55.758+02:00  WARN 94490 --- [auth-service] [           main] iguration$LoadBalancerCaffeineWarnLogger : Spring Cloud LoadBalancer is currently working with the default cache. While this cache implementation is useful for development and tests, it's recommended to use Caffeine cache in production.You can switch to using Caffeine cache, by adding it and org.springframework.cache.caffeine.CaffeineCacheManager to the classpath.
2026-04-17T19:13:55.769+02:00  INFO 94490 --- [auth-service] [           main] o.s.c.n.eureka.InstanceInfoFactory       : Setting initial instance status as: STARTING
2026-04-17T19:13:55.779+02:00  INFO 94490 --- [auth-service] [           main] com.netflix.discovery.DiscoveryClient    : Initializing Eureka in region us-east-1
2026-04-17T19:13:55.780+02:00  INFO 94490 --- [auth-service] [           main] c.n.d.s.r.aws.ConfigClusterResolver      : Resolving eureka endpoints via configuration
2026-04-17T19:13:55.783+02:00  INFO 94490 --- [auth-service] [           main] com.netflix.discovery.DiscoveryClient    : Disable delta property : false
2026-04-17T19:13:55.784+02:00  INFO 94490 --- [auth-service] [           main] com.netflix.discovery.DiscoveryClient    : Single vip registry refresh property : null
2026-04-17T19:13:55.785+02:00  INFO 94490 --- [auth-service] [           main] com.netflix.discovery.DiscoveryClient    : Force full registry fetch : false
2026-04-17T19:13:55.785+02:00  INFO 94490 --- [auth-service] [           main] com.netflix.discovery.DiscoveryClient    : Application is null : false
2026-04-17T19:13:55.785+02:00  INFO 94490 --- [auth-service] [           main] com.netflix.discovery.DiscoveryClient    : Registered Applications size is zero : true
2026-04-17T19:13:55.785+02:00  INFO 94490 --- [auth-service] [           main] com.netflix.discovery.DiscoveryClient    : Application version is -1: true
2026-04-17T19:13:55.785+02:00  INFO 94490 --- [auth-service] [           main] com.netflix.discovery.DiscoveryClient    : Getting all instance registry info from the eureka server
2026-04-17T19:13:55.955+02:00  INFO 94490 --- [auth-service] [           main] com.netflix.discovery.DiscoveryClient    : The response status is 200
2026-04-17T19:13:55.956+02:00  INFO 94490 --- [auth-service] [           main] com.netflix.discovery.DiscoveryClient    : Starting heartbeat executor: renew interval is: 30
2026-04-17T19:13:55.957+02:00  INFO 94490 --- [auth-service] [           main] c.n.discovery.InstanceInfoReplicator     : InstanceInfoReplicator onDemand update allowed rate per min is 4
2026-04-17T19:13:55.958+02:00  INFO 94490 --- [auth-service] [           main] com.netflix.discovery.DiscoveryClient    : Discovery Client initialized at timestamp 1776446035957 with initial instances count: 0
2026-04-17T19:13:55.960+02:00  INFO 94490 --- [auth-service] [           main] o.s.c.n.e.s.EurekaServiceRegistry        : Registering application AUTH-SERVICE with eureka with status UP
2026-04-17T19:13:55.960+02:00  INFO 94490 --- [auth-service] [           main] com.netflix.discovery.DiscoveryClient    : Saw local status change event StatusChangeEvent [timestamp=1776446035960, current=UP, previous=STARTING]
2026-04-17T19:13:55.961+02:00  INFO 94490 --- [auth-service] [foReplicator-%d] com.netflix.discovery.DiscoveryClient    : DiscoveryClient_AUTH-SERVICE/auth-service:8084: registering service...
2026-04-17T19:13:55.966+02:00  INFO 94490 --- [auth-service] [           main] o.s.b.w.embedded.tomcat.TomcatWebServer  : Tomcat started on port 8084 (http) with context path '/'
2026-04-17T19:13:55.967+02:00  INFO 94490 --- [auth-service] [           main] .s.c.n.e.s.EurekaAutoServiceRegistration : Updating port to 8084
2026-04-17T19:13:55.972+02:00  INFO 94490 --- [auth-service] [           main] o.e.authservice.AuthServiceApplication   : Started AuthServiceApplication in 1.504 seconds (process running for 1.741)
2026-04-17T19:13:56.013+02:00  INFO 94490 --- [auth-service] [foReplicator-%d] com.netflix.discovery.DiscoveryClient    : DiscoveryClient_AUTH-SERVICE/auth-service:8084 - registration status: 204
2026-04-17T19:13:56.916+02:00  INFO 94490 --- [auth-service] [nio-8084-exec-1] o.a.c.c.C.[Tomcat].[localhost].[/]       : Initializing Spring DispatcherServlet 'dispatcherServlet'
2026-04-17T19:13:56.916+02:00  INFO 94490 --- [auth-service] [nio-8084-exec-1] o.s.web.servlet.DispatcherServlet        : Initializing Servlet 'dispatcherServlet'
2026-04-17T19:13:56.916+02:00  INFO 94490 --- [auth-service] [nio-8084-exec-1] o.s.web.servlet.DispatcherServlet        : Completed initialization in 0 ms
2026-04-17T19:14:25.956+02:00  INFO 94490 --- [auth-service] [reshExecutor-%d] com.netflix.discovery.DiscoveryClient    : Disable delta property : false
2026-04-17T19:14:25.957+02:00  INFO 94490 --- [auth-service] [reshExecutor-%d] com.netflix.discovery.DiscoveryClient    : Single vip registry refresh property : null
2026-04-17T19:14:25.957+02:00  INFO 94490 --- [auth-service] [reshExecutor-%d] com.netflix.discovery.DiscoveryClient    : Force full registry fetch : false
2026-04-17T19:14:25.957+02:00  INFO 94490 --- [auth-service] [reshExecutor-%d] com.netflix.discovery.DiscoveryClient    : Application is null : false
2026-04-17T19:14:25.957+02:00  INFO 94490 --- [auth-service] [reshExecutor-%d] com.netflix.discovery.DiscoveryClient    : Registered Applications size is zero : true
2026-04-17T19:14:25.957+02:00  INFO 94490 --- [auth-service] [reshExecutor-%d] com.netflix.discovery.DiscoveryClient    : Application version is -1: false
2026-04-17T19:14:25.957+02:00  INFO 94490 --- [auth-service] [reshExecutor-%d] com.netflix.discovery.DiscoveryClient    : Getting all instance registry info from the eureka server
2026-04-17T19:14:25.969+02:00  INFO 94490 --- [auth-service] [reshExecutor-%d] com.netflix.discovery.DiscoveryClient    : The response status is 200
2026-04-17T19:18:55.786+02:00  INFO 94490 --- [auth-service] [rap-executor-%d] c.n.d.s.r.aws.ConfigClusterResolver      : Resolving eureka endpoints via configuration
2026-04-17T19:23:55.787+02:00  INFO 94490 --- [auth-service] [rap-executor-%d] c.n.d.s.r.aws.ConfigClusterResolver      : Resolving eureka endpoints via configuration
