[INFO] Scanning for projects...
[INFO] 
[INFO] ---------------------< org.example:config-server >----------------------
[INFO] Building config-server 0.0.1-SNAPSHOT
[INFO]   from pom.xml
[INFO] --------------------------------[ jar ]---------------------------------
[INFO] 
[INFO] >>> spring-boot:3.4.0:run (default-cli) > test-compile @ config-server >>>
[INFO] 
[INFO] --- resources:3.3.1:resources (default-resources) @ config-server ---
[INFO] Copying 1 resource from src/main/resources to target/classes
[INFO] Copying 0 resource from src/main/resources to target/classes
[INFO] 
[INFO] --- compiler:3.13.0:compile (default-compile) @ config-server ---
[INFO] Nothing to compile - all classes are up to date.
[INFO] 
[INFO] --- resources:3.3.1:testResources (default-testResources) @ config-server ---
[INFO] skip non existing resourceDirectory /home/mehdibelkhelfa/Dev/Projects/microservice/logistics-microservices-kafka/config-server/src/test/resources
[INFO] 
[INFO] --- compiler:3.13.0:testCompile (default-testCompile) @ config-server ---
[INFO] Nothing to compile - all classes are up to date.
[INFO] 
[INFO] <<< spring-boot:3.4.0:run (default-cli) < test-compile @ config-server <<<
[INFO] 
[INFO] 
[INFO] --- spring-boot:3.4.0:run (default-cli) @ config-server ---
[INFO] Attaching agents: []

  .   ____          _            __ _ _
 /\\ / ___'_ __ _ _(_)_ __  __ _ \ \ \ \
( ( )\___ | '_ | '_| | '_ \/ _` | \ \ \ \
 \\/  ___)| |_)| | | | | || (_| |  ) ) ) )
  '  |____| .__|_| |_|_| |_\__, | / / / /
 =========|_|==============|___/=/_/_/_/

 :: Spring Boot ::                (v3.4.0)

2026-04-17T19:13:51.027+02:00  INFO 94118 --- [config-server] [  restartedMain] o.e.c.ConfigServerApplication            : Starting ConfigServerApplication using Java 17.0.18 with PID 94118 (/home/mehdibelkhelfa/Dev/Projects/microservice/logistics-microservices-kafka/config-server/target/classes started by mehdibelkhelfa in /home/mehdibelkhelfa/Dev/Projects/microservice/logistics-microservices-kafka/config-server)
2026-04-17T19:13:51.029+02:00  INFO 94118 --- [config-server] [  restartedMain] o.e.c.ConfigServerApplication            : No active profile set, falling back to 1 default profile: "default"
2026-04-17T19:13:51.049+02:00  INFO 94118 --- [config-server] [  restartedMain] .e.DevToolsPropertyDefaultsPostProcessor : Devtools property defaults active! Set 'spring.devtools.add-properties' to 'false' to disable
2026-04-17T19:13:51.049+02:00  INFO 94118 --- [config-server] [  restartedMain] .e.DevToolsPropertyDefaultsPostProcessor : For additional web related logging consider setting the 'logging.level.web' property to 'DEBUG'
2026-04-17T19:13:51.419+02:00  INFO 94118 --- [config-server] [  restartedMain] o.s.cloud.context.scope.GenericScope     : BeanFactory id=c0a9260a-9294-3dc3-ad92-8412a7196847
2026-04-17T19:13:51.612+02:00  INFO 94118 --- [config-server] [  restartedMain] o.s.b.w.embedded.tomcat.TomcatWebServer  : Tomcat initialized with port 8880 (http)
2026-04-17T19:13:51.617+02:00  INFO 94118 --- [config-server] [  restartedMain] o.apache.catalina.core.StandardService   : Starting service [Tomcat]
2026-04-17T19:13:51.618+02:00  INFO 94118 --- [config-server] [  restartedMain] o.apache.catalina.core.StandardEngine    : Starting Servlet engine: [Apache Tomcat/10.1.33]
2026-04-17T19:13:51.640+02:00  INFO 94118 --- [config-server] [  restartedMain] o.a.c.c.C.[Tomcat].[localhost].[/]       : Initializing Spring embedded WebApplicationContext
2026-04-17T19:13:51.640+02:00  INFO 94118 --- [config-server] [  restartedMain] w.s.c.ServletWebServerApplicationContext : Root WebApplicationContext: initialization completed in 590 ms
2026-04-17T19:13:51.844+02:00  WARN 94118 --- [config-server] [  restartedMain] o.s.b.d.a.OptionalLiveReloadServer       : Unable to start LiveReload server
2026-04-17T19:13:51.998+02:00  WARN 94118 --- [config-server] [  restartedMain] ConfigServletWebServerApplicationContext : Exception encountered during context initialization - cancelling refresh attempt: org.springframework.context.ApplicationContextException: Failed to start bean 'webServerStartStop'
2026-04-17T19:13:52.007+02:00  INFO 94118 --- [config-server] [  restartedMain] .s.b.a.l.ConditionEvaluationReportLogger : 

Error starting ApplicationContext. To display the condition evaluation report re-run your application with 'debug' enabled.
2026-04-17T19:13:52.016+02:00 ERROR 94118 --- [config-server] [  restartedMain] o.s.b.d.LoggingFailureAnalysisReporter   : 

***************************
APPLICATION FAILED TO START
***************************

Description:

Web server failed to start. Port 8880 was already in use.

Action:

Identify and stop the process that's listening on port 8880 or configure this application to listen on another port.

[INFO] ------------------------------------------------------------------------
[INFO] BUILD SUCCESS
[INFO] ------------------------------------------------------------------------
[INFO] Total time:  2.509 s
[INFO] Finished at: 2026-04-17T19:13:52+02:00
[INFO] ------------------------------------------------------------------------
