[INFO] Scanning for projects...
[INFO] 
[INFO] ---------------------< org.example:order-service >----------------------
[INFO] Building order-service 0.0.1-SNAPSHOT
[INFO]   from pom.xml
[INFO] --------------------------------[ jar ]---------------------------------
[INFO] 
[INFO] >>> spring-boot:3.4.0:run (default-cli) > test-compile @ order-service >>>
[INFO] 
[INFO] --- resources:3.3.1:resources (default-resources) @ order-service ---
[INFO] Copying 1 resource from src/main/resources to target/classes
[INFO] Copying 0 resource from src/main/resources to target/classes
[INFO] 
[INFO] --- compiler:3.13.0:compile (default-compile) @ order-service ---
[INFO] Nothing to compile - all classes are up to date.
[INFO] 
[INFO] --- resources:3.3.1:testResources (default-testResources) @ order-service ---
[INFO] skip non existing resourceDirectory /home/mehdibelkhelfa/Dev/Projects/microservice/logistics-microservices-kafka/order-service/src/test/resources
[INFO] 
[INFO] --- compiler:3.13.0:testCompile (default-testCompile) @ order-service ---
[INFO] Nothing to compile - all classes are up to date.
[INFO] 
[INFO] <<< spring-boot:3.4.0:run (default-cli) < test-compile @ order-service <<<
[INFO] 
[INFO] 
[INFO] --- spring-boot:3.4.0:run (default-cli) @ order-service ---
[INFO] Attaching agents: []

  .   ____          _            __ _ _
 /\\ / ___'_ __ _ _(_)_ __  __ _ \ \ \ \
( ( )\___ | '_ | '_| | '_ \/ _` | \ \ \ \
 \\/  ___)| |_)| | | | | || (_| |  ) ) ) )
  '  |____| .__|_| |_|_| |_\__, | / / / /
 =========|_|==============|___/=/_/_/_/

 :: Spring Boot ::                (v3.4.0)

2026-04-17T19:13:59.804+02:00  INFO 95095 --- [order-service] [           main] o.e.o.OrderServiceApplication            : Starting OrderServiceApplication using Java 17.0.18 with PID 95095 (/home/mehdibelkhelfa/Dev/Projects/microservice/logistics-microservices-kafka/order-service/target/classes started by mehdibelkhelfa in /home/mehdibelkhelfa/Dev/Projects/microservice/logistics-microservices-kafka/order-service)
2026-04-17T19:13:59.807+02:00  INFO 95095 --- [order-service] [           main] o.e.o.OrderServiceApplication            : No active profile set, falling back to 1 default profile: "default"
2026-04-17T19:14:00.240+02:00  INFO 95095 --- [order-service] [           main] o.s.cloud.context.scope.GenericScope     : BeanFactory id=9128f58d-5cef-3a37-9bd5-9ec49957800f
2026-04-17T19:14:00.384+02:00  INFO 95095 --- [order-service] [           main] o.s.b.w.embedded.tomcat.TomcatWebServer  : Tomcat initialized with port 8081 (http)
2026-04-17T19:14:00.390+02:00  INFO 95095 --- [order-service] [           main] o.apache.catalina.core.StandardService   : Starting service [Tomcat]
2026-04-17T19:14:00.390+02:00  INFO 95095 --- [order-service] [           main] o.apache.catalina.core.StandardEngine    : Starting Servlet engine: [Apache Tomcat/10.1.33]
2026-04-17T19:14:00.415+02:00  INFO 95095 --- [order-service] [           main] o.a.c.c.C.[Tomcat].[localhost].[/]       : Initializing Spring embedded WebApplicationContext
2026-04-17T19:14:00.415+02:00  INFO 95095 --- [order-service] [           main] w.s.c.ServletWebServerApplicationContext : Root WebApplicationContext: initialization completed in 581 ms
2026-04-17T19:14:00.756+02:00  INFO 95095 --- [order-service] [           main] DiscoveryClientOptionalArgsConfiguration : Eureka HTTP Client uses RestTemplate.
2026-04-17T19:14:00.779+02:00  WARN 95095 --- [order-service] [           main] iguration$LoadBalancerCaffeineWarnLogger : Spring Cloud LoadBalancer is currently working with the default cache. While this cache implementation is useful for development and tests, it's recommended to use Caffeine cache in production.You can switch to using Caffeine cache, by adding it and org.springframework.cache.caffeine.CaffeineCacheManager to the classpath.
2026-04-17T19:14:00.791+02:00  INFO 95095 --- [order-service] [           main] o.s.c.n.eureka.InstanceInfoFactory       : Setting initial instance status as: STARTING
2026-04-17T19:14:00.802+02:00  INFO 95095 --- [order-service] [           main] com.netflix.discovery.DiscoveryClient    : Initializing Eureka in region us-east-1
2026-04-17T19:14:00.804+02:00  INFO 95095 --- [order-service] [           main] c.n.d.s.r.aws.ConfigClusterResolver      : Resolving eureka endpoints via configuration
2026-04-17T19:14:00.811+02:00  INFO 95095 --- [order-service] [           main] com.netflix.discovery.DiscoveryClient    : Disable delta property : false
2026-04-17T19:14:00.812+02:00  INFO 95095 --- [order-service] [           main] com.netflix.discovery.DiscoveryClient    : Single vip registry refresh property : null
2026-04-17T19:14:00.812+02:00  INFO 95095 --- [order-service] [           main] com.netflix.discovery.DiscoveryClient    : Force full registry fetch : false
2026-04-17T19:14:00.812+02:00  INFO 95095 --- [order-service] [           main] com.netflix.discovery.DiscoveryClient    : Application is null : false
2026-04-17T19:14:00.812+02:00  INFO 95095 --- [order-service] [           main] com.netflix.discovery.DiscoveryClient    : Registered Applications size is zero : true
2026-04-17T19:14:00.812+02:00  INFO 95095 --- [order-service] [           main] com.netflix.discovery.DiscoveryClient    : Application version is -1: true
2026-04-17T19:14:00.812+02:00  INFO 95095 --- [order-service] [           main] com.netflix.discovery.DiscoveryClient    : Getting all instance registry info from the eureka server
2026-04-17T19:14:00.987+02:00  INFO 95095 --- [order-service] [           main] com.netflix.discovery.DiscoveryClient    : The response status is 200
2026-04-17T19:14:00.988+02:00  INFO 95095 --- [order-service] [           main] com.netflix.discovery.DiscoveryClient    : Starting heartbeat executor: renew interval is: 30
2026-04-17T19:14:00.989+02:00  INFO 95095 --- [order-service] [           main] c.n.discovery.InstanceInfoReplicator     : InstanceInfoReplicator onDemand update allowed rate per min is 4
2026-04-17T19:14:00.990+02:00  INFO 95095 --- [order-service] [           main] com.netflix.discovery.DiscoveryClient    : Discovery Client initialized at timestamp 1776446040990 with initial instances count: 1
2026-04-17T19:14:00.992+02:00  INFO 95095 --- [order-service] [           main] o.s.c.n.e.s.EurekaServiceRegistry        : Registering application ORDER-SERVICE with eureka with status UP
2026-04-17T19:14:00.992+02:00  INFO 95095 --- [order-service] [           main] com.netflix.discovery.DiscoveryClient    : Saw local status change event StatusChangeEvent [timestamp=1776446040992, current=UP, previous=STARTING]
2026-04-17T19:14:00.993+02:00  INFO 95095 --- [order-service] [foReplicator-%d] com.netflix.discovery.DiscoveryClient    : DiscoveryClient_ORDER-SERVICE/order-service:8081: registering service...
2026-04-17T19:14:00.999+02:00  INFO 95095 --- [order-service] [           main] o.s.b.w.embedded.tomcat.TomcatWebServer  : Tomcat started on port 8081 (http) with context path '/'
2026-04-17T19:14:00.999+02:00  INFO 95095 --- [order-service] [           main] .s.c.n.e.s.EurekaAutoServiceRegistration : Updating port to 8081
2026-04-17T19:14:01.005+02:00  INFO 95095 --- [order-service] [           main] o.e.o.OrderServiceApplication            : Started OrderServiceApplication in 1.439 seconds (process running for 1.72)
2026-04-17T19:14:01.012+02:00  INFO 95095 --- [order-service] [foReplicator-%d] com.netflix.discovery.DiscoveryClient    : DiscoveryClient_ORDER-SERVICE/order-service:8081 - registration status: 204
2026-04-17T19:16:12.852+02:00  INFO 95095 --- [order-service] [nio-8081-exec-1] o.a.c.c.C.[Tomcat].[localhost].[/]       : Initializing Spring DispatcherServlet 'dispatcherServlet'
2026-04-17T19:16:12.852+02:00  INFO 95095 --- [order-service] [nio-8081-exec-1] o.s.web.servlet.DispatcherServlet        : Initializing Servlet 'dispatcherServlet'
2026-04-17T19:16:12.854+02:00  INFO 95095 --- [order-service] [nio-8081-exec-1] o.s.web.servlet.DispatcherServlet        : Completed initialization in 1 ms
2026-04-17T19:19:00.813+02:00  INFO 95095 --- [order-service] [rap-executor-%d] c.n.d.s.r.aws.ConfigClusterResolver      : Resolving eureka endpoints via configuration
2026-04-17T19:22:59.911+02:00  INFO 95095 --- [order-service] [nio-8081-exec-9] o.a.k.clients.producer.ProducerConfig    : ProducerConfig values: 
	acks = -1
	auto.include.jmx.reporter = true
	batch.size = 16384
	bootstrap.servers = [localhost:9092]
	buffer.memory = 33554432
	client.dns.lookup = use_all_dns_ips
	client.id = order-service-producer-1
	compression.gzip.level = -1
	compression.lz4.level = 9
	compression.type = none
	compression.zstd.level = 3
	connections.max.idle.ms = 540000
	delivery.timeout.ms = 120000
	enable.idempotence = true
	enable.metrics.push = true
	interceptor.classes = []
	key.serializer = class org.apache.kafka.common.serialization.StringSerializer
	linger.ms = 0
	max.block.ms = 60000
	max.in.flight.requests.per.connection = 5
	max.request.size = 1048576
	metadata.max.age.ms = 300000
	metadata.max.idle.ms = 300000
	metadata.recovery.strategy = none
	metric.reporters = []
	metrics.num.samples = 2
	metrics.recording.level = INFO
	metrics.sample.window.ms = 30000
	partitioner.adaptive.partitioning.enable = true
	partitioner.availability.timeout.ms = 0
	partitioner.class = null
	partitioner.ignore.keys = false
	receive.buffer.bytes = 32768
	reconnect.backoff.max.ms = 1000
	reconnect.backoff.ms = 50
	request.timeout.ms = 30000
	retries = 2147483647
	retry.backoff.max.ms = 1000
	retry.backoff.ms = 100
	sasl.client.callback.handler.class = null
	sasl.jaas.config = null
	sasl.kerberos.kinit.cmd = /usr/bin/kinit
	sasl.kerberos.min.time.before.relogin = 60000
	sasl.kerberos.service.name = null
	sasl.kerberos.ticket.renew.jitter = 0.05
	sasl.kerberos.ticket.renew.window.factor = 0.8
	sasl.login.callback.handler.class = null
	sasl.login.class = null
	sasl.login.connect.timeout.ms = null
	sasl.login.read.timeout.ms = null
	sasl.login.refresh.buffer.seconds = 300
	sasl.login.refresh.min.period.seconds = 60
	sasl.login.refresh.window.factor = 0.8
	sasl.login.refresh.window.jitter = 0.05
	sasl.login.retry.backoff.max.ms = 10000
	sasl.login.retry.backoff.ms = 100
	sasl.mechanism = GSSAPI
	sasl.oauthbearer.clock.skew.seconds = 30
	sasl.oauthbearer.expected.audience = null
	sasl.oauthbearer.expected.issuer = null
	sasl.oauthbearer.jwks.endpoint.refresh.ms = 3600000
	sasl.oauthbearer.jwks.endpoint.retry.backoff.max.ms = 10000
	sasl.oauthbearer.jwks.endpoint.retry.backoff.ms = 100
	sasl.oauthbearer.jwks.endpoint.url = null
	sasl.oauthbearer.scope.claim.name = scope
	sasl.oauthbearer.sub.claim.name = sub
	sasl.oauthbearer.token.endpoint.url = null
	security.protocol = PLAINTEXT
	security.providers = null
	send.buffer.bytes = 131072
	socket.connection.setup.timeout.max.ms = 30000
	socket.connection.setup.timeout.ms = 10000
	ssl.cipher.suites = null
	ssl.enabled.protocols = [TLSv1.2, TLSv1.3]
	ssl.endpoint.identification.algorithm = https
	ssl.engine.factory.class = null
	ssl.key.password = null
	ssl.keymanager.algorithm = SunX509
	ssl.keystore.certificate.chain = null
	ssl.keystore.key = null
	ssl.keystore.location = null
	ssl.keystore.password = null
	ssl.keystore.type = JKS
	ssl.protocol = TLSv1.3
	ssl.provider = null
	ssl.secure.random.implementation = null
	ssl.trustmanager.algorithm = PKIX
	ssl.truststore.certificates = null
	ssl.truststore.location = null
	ssl.truststore.password = null
	ssl.truststore.type = JKS
	transaction.timeout.ms = 60000
	transactional.id = null
	value.serializer = class org.apache.kafka.common.serialization.StringSerializer

2026-04-17T19:22:59.925+02:00  INFO 95095 --- [order-service] [nio-8081-exec-9] o.a.k.c.t.i.KafkaMetricsCollector        : initializing Kafka metrics collector
2026-04-17T19:22:59.953+02:00  INFO 95095 --- [order-service] [nio-8081-exec-9] o.a.k.clients.producer.KafkaProducer     : [Producer clientId=order-service-producer-1] Instantiated an idempotent producer.
2026-04-17T19:22:59.970+02:00  INFO 95095 --- [order-service] [nio-8081-exec-9] o.a.kafka.common.utils.AppInfoParser     : Kafka version: 3.8.1
2026-04-17T19:22:59.970+02:00  INFO 95095 --- [order-service] [nio-8081-exec-9] o.a.kafka.common.utils.AppInfoParser     : Kafka commitId: 70d6ff42debf7e17
2026-04-17T19:22:59.970+02:00  INFO 95095 --- [order-service] [nio-8081-exec-9] o.a.kafka.common.utils.AppInfoParser     : Kafka startTimeMs: 1776446579969
2026-04-17T19:23:00.091+02:00  INFO 95095 --- [order-service] [vice-producer-1] org.apache.kafka.clients.Metadata        : [Producer clientId=order-service-producer-1] Cluster ID: slGXEesyQ5yFvtcghmCkbg
2026-04-17T19:23:00.098+02:00  INFO 95095 --- [order-service] [nio-8081-exec-9] o.e.o.service.OrderEventPublisher        : Published ORDER_CREATED event for orderId=1
2026-04-17T19:23:00.105+02:00  INFO 95095 --- [order-service] [vice-producer-1] o.a.k.c.p.internals.TransactionManager   : [Producer clientId=order-service-producer-1] ProducerId set to 0 with epoch 0
2026-04-17T19:24:00.814+02:00  INFO 95095 --- [order-service] [rap-executor-%d] c.n.d.s.r.aws.ConfigClusterResolver      : Resolving eureka endpoints via configuration
